<?xml version="1.0" encoding="UTF-8"?>
<!-- Generated by org.testng.reporters.JUnitXMLReporter -->
<testsuite ignored="6" hostname="ATMECSBLRLT-094" failures="0" tests="15" name="API" time="24.394" errors="0" timestamp="2023-06-06T12:47:17 IST">
  <testcase classname="com.products.tests.APISecurity" name="testGetAccessToken" time="3.956"/>
  <testcase classname="com.products.tests.APISecurity" name="testBearerAuthorization" time="1.918"/>
  <testcase classname="com.products.tests.APISecurity" name="testOpenAuthorization" time="2.106"/>
  <testcase classname="com.products.tests.APISecurity" name="testBadRequest" time="4.635"/>
  <testcase classname="com.products.tests.APISecurity" name="testUnauthorized" time="1.649"/>
  <testcase classname="com.products.tests.Scenario1" name="tesGetAllProducts" time="0.827"/>
  <testcase classname="com.products.tests.Scenario1" name="testDeleteProduct" time="0.943"/>
  <testcase classname="com.products.tests.Scenario1" name="testAddProduct" time="1.178"/>
  <testcase classname="com.products.tests.Scenario2" name="testGetLimitCart" time="0.901"/>
  <testcase classname="com.products.tests.Scenario2" name="testSortCartResult" time="1.107"/>
  <testcase classname="com.products.tests.Scenario2" name="testDateRange" time="0.911"/>
  <testcase classname="com.products.tests.Scenario3" name="testGetAllUsers" time="0.868"/>
  <testcase classname="com.products.tests.Scenario3" name="testUpdateUser" time="1.302"/>
  <testcase classname="com.products.tests.Scenario3" name="testAddUser" time="0.878"/>
  <testcase classname="com.products.tests.Scenario3" name="testDeleteUser" time="1.111"/>
  <testcase classname="com.products.utilities.ReportGeneration" name="@BeforeSuite beforeSuite" time="0.0">
    <ignored/>
  </testcase> <!-- @BeforeSuite beforeSuite -->
  <testcase classname="com.products.utilities.ReportGeneration" name="@BeforeSuite beforeSuite" time="0.0">
    <ignored/>
  </testcase> <!-- @BeforeSuite beforeSuite -->
  <testcase classname="com.products.utilities.ReportGeneration" name="@BeforeSuite beforeSuite" time="0.0">
    <ignored/>
  </testcase> <!-- @BeforeSuite beforeSuite -->
  <testcase classname="com.products.utilities.ReportGeneration" name="@AfterSuite afterSuite" time="0.0">
    <ignored/>
  </testcase> <!-- @AfterSuite afterSuite -->
  <testcase classname="com.products.utilities.ReportGeneration" name="@AfterSuite afterSuite" time="0.0">
    <ignored/>
  </testcase> <!-- @AfterSuite afterSuite -->
  <testcase classname="com.products.utilities.ReportGeneration" name="@AfterSuite afterSuite" time="0.0">
    <ignored/>
  </testcase> <!-- @AfterSuite afterSuite -->
</testsuite> <!-- API -->
