<?xml version="1.0" encoding="UTF-8"?>
<!-- Generated by org.testng.reporters.JUnitXMLReporter -->
<testsuite ignored="6" hostname="ATMECSBLRLT-094" failures="0" tests="15" name="API" time="19.972" errors="0" timestamp="2023-05-29T22:35:55 IST">
  <testcase classname="com.products.tests.APISecurity" name="testGetAccessToken" time="5.214"/>
  <testcase classname="com.products.tests.APISecurity" name="testBearerAuthorization" time="1.398"/>
  <testcase classname="com.products.tests.APISecurity" name="testOpenAuthorization" time="1.893"/>
  <testcase classname="com.products.tests.APISecurity" name="testBadRequest" time="1.523"/>
  <testcase classname="com.products.tests.APISecurity" name="testUnauthorized" time="1.476"/>
  <testcase classname="com.products.tests.Scenario1" name="tesGetAllProducts" time="0.639"/>
  <testcase classname="com.products.tests.Scenario1" name="testDeleteProduct" time="0.581"/>
  <testcase classname="com.products.tests.Scenario1" name="testAddProduct" time="1.223"/>
  <testcase classname="com.products.tests.Scenario2" name="testGetLimitCart" time="0.554"/>
  <testcase classname="com.products.tests.Scenario2" name="testSortCartResult" time="0.543"/>
  <testcase classname="com.products.tests.Scenario2" name="testDateRange" time="0.793"/>
  <testcase classname="com.products.tests.Scenario3" name="testGetAllUsers" time="1.668"/>
  <testcase classname="com.products.tests.Scenario3" name="testUpdateUser" time="0.959"/>
  <testcase classname="com.products.tests.Scenario3" name="testAddUser" time="0.82"/>
  <testcase classname="com.products.tests.Scenario3" name="testDeleteUser" time="0.553"/>
  <testcase classname="com.products.utilities.ReportGeneration" name="@AfterSuite afterSuite" time="0.0">
    <ignored/>
  </testcase> <!-- @AfterSuite afterSuite -->
  <testcase classname="com.products.utilities.ReportGeneration" name="@AfterSuite afterSuite" time="0.0">
    <ignored/>
  </testcase> <!-- @AfterSuite afterSuite -->
  <testcase classname="com.products.utilities.ReportGeneration" name="@BeforeSuite beforeSuite" time="0.0">
    <ignored/>
  </testcase> <!-- @BeforeSuite beforeSuite -->
  <testcase classname="com.products.utilities.ReportGeneration" name="@BeforeSuite beforeSuite" time="0.0">
    <ignored/>
  </testcase> <!-- @BeforeSuite beforeSuite -->
  <testcase classname="com.products.utilities.ReportGeneration" name="@BeforeSuite beforeSuite" time="0.0">
    <ignored/>
  </testcase> <!-- @BeforeSuite beforeSuite -->
  <testcase classname="com.products.utilities.ReportGeneration" name="@AfterSuite afterSuite" time="0.0">
    <ignored/>
  </testcase> <!-- @AfterSuite afterSuite -->
</testsuite> <!-- API -->
