<?xml version="1.0" encoding="UTF-8"?>
<testng-results ignored="6" total="21" passed="15" failed="0" skipped="0">
  <reporter-output>
  </reporter-output>
  <suite started-at="2023-06-06T12:46:52 IST" name="APIAutomation" finished-at="2023-06-06T12:47:17 IST" duration-ms="24394">
    <groups>
    </groups>
    <test started-at="2023-06-06T12:46:52 IST" name="API" finished-at="2023-06-06T12:47:17 IST" duration-ms="24394">
      <class name="com.products.tests.Scenario2">
        <test-method is-config="true" signature="beforeMethod(java.lang.reflect.Method)[pri:0, instance:com.products.tests.Scenario2@712625fd]" started-at="2023-06-06T12:47:10 IST" name="beforeMethod" finished-at="2023-06-06T12:47:10 IST" duration-ms="1" status="PASS">
          <params>
            <param index="0">
              <value>
                <![CDATA[public void com.products.tests.Scenario2.testGetLimitCart()]]>
              </value>
            </param>
          </params>
          <reporter-output>
          </reporter-output>
        </test-method> <!-- beforeMethod -->
        <test-method signature="testGetLimitCart()[pri:1, instance:com.products.tests.Scenario2@712625fd]" started-at="2023-06-06T12:47:10 IST" name="testGetLimitCart" finished-at="2023-06-06T12:47:11 IST" duration-ms="901" status="PASS">
          <reporter-output>
          </reporter-output>
        </test-method> <!-- testGetLimitCart -->
        <test-method is-config="true" signature="afterMethod()[pri:0, instance:com.products.tests.Scenario2@712625fd]" started-at="2023-06-06T12:47:11 IST" name="afterMethod" finished-at="2023-06-06T12:47:11 IST" duration-ms="1" status="PASS">
          <reporter-output>
          </reporter-output>
        </test-method> <!-- afterMethod -->
        <test-method is-config="true" signature="beforeMethod(java.lang.reflect.Method)[pri:0, instance:com.products.tests.Scenario2@712625fd]" started-at="2023-06-06T12:47:11 IST" name="beforeMethod" finished-at="2023-06-06T12:47:11 IST" duration-ms="1" status="PASS">
          <params>
            <param index="0">
              <value>
                <![CDATA[public void com.products.tests.Scenario2.testSortCartResult()]]>
              </value>
            </param>
          </params>
          <reporter-output>
          </reporter-output>
        </test-method> <!-- beforeMethod -->
        <test-method signature="testSortCartResult()[pri:2, instance:com.products.tests.Scenario2@712625fd]" started-at="2023-06-06T12:47:11 IST" name="testSortCartResult" finished-at="2023-06-06T12:47:12 IST" duration-ms="1107" status="PASS">
          <reporter-output>
          </reporter-output>
        </test-method> <!-- testSortCartResult -->
        <test-method is-config="true" signature="afterMethod()[pri:0, instance:com.products.tests.Scenario2@712625fd]" started-at="2023-06-06T12:47:12 IST" name="afterMethod" finished-at="2023-06-06T12:47:12 IST" duration-ms="1" status="PASS">
          <reporter-output>
          </reporter-output>
        </test-method> <!-- afterMethod -->
        <test-method is-config="true" signature="beforeMethod(java.lang.reflect.Method)[pri:0, instance:com.products.tests.Scenario2@712625fd]" started-at="2023-06-06T12:47:12 IST" name="beforeMethod" finished-at="2023-06-06T12:47:12 IST" duration-ms="1" status="PASS">
          <params>
            <param index="0">
              <value>
                <![CDATA[public void com.products.tests.Scenario2.testDateRange()]]>
              </value>
            </param>
          </params>
          <reporter-output>
          </reporter-output>
        </test-method> <!-- beforeMethod -->
        <test-method signature="testDateRange()[pri:3, instance:com.products.tests.Scenario2@712625fd]" started-at="2023-06-06T12:47:12 IST" name="testDateRange" finished-at="2023-06-06T12:47:13 IST" duration-ms="911" status="PASS">
          <reporter-output>
          </reporter-output>
        </test-method> <!-- testDateRange -->
        <test-method is-config="true" signature="afterMethod()[pri:0, instance:com.products.tests.Scenario2@712625fd]" started-at="2023-06-06T12:47:13 IST" name="afterMethod" finished-at="2023-06-06T12:47:13 IST" duration-ms="1" status="PASS">
          <reporter-output>
          </reporter-output>
        </test-method> <!-- afterMethod -->
      </class> <!-- com.products.tests.Scenario2 -->
      <class name="com.products.tests.Scenario3">
        <test-method is-config="true" signature="beforeMethod(java.lang.reflect.Method)[pri:0, instance:com.products.tests.Scenario3@742ff096]" started-at="2023-06-06T12:47:13 IST" name="beforeMethod" finished-at="2023-06-06T12:47:13 IST" duration-ms="1" status="PASS">
          <params>
            <param index="0">
              <value>
                <![CDATA[public void com.products.tests.Scenario3.testGetAllUsers()]]>
              </value>
            </param>
          </params>
          <reporter-output>
          </reporter-output>
        </test-method> <!-- beforeMethod -->
        <test-method signature="testGetAllUsers()[pri:1, instance:com.products.tests.Scenario3@742ff096]" started-at="2023-06-06T12:47:13 IST" name="testGetAllUsers" finished-at="2023-06-06T12:47:14 IST" duration-ms="868" status="PASS">
          <reporter-output>
          </reporter-output>
        </test-method> <!-- testGetAllUsers -->
        <test-method is-config="true" signature="afterMethod()[pri:0, instance:com.products.tests.Scenario3@742ff096]" started-at="2023-06-06T12:47:14 IST" name="afterMethod" finished-at="2023-06-06T12:47:14 IST" duration-ms="0" status="PASS">
          <reporter-output>
          </reporter-output>
        </test-method> <!-- afterMethod -->
        <test-method signature="testUpdateUser()[pri:2, instance:com.products.tests.Scenario3@742ff096]" started-at="2023-06-06T12:47:14 IST" name="testUpdateUser" finished-at="2023-06-06T12:47:15 IST" duration-ms="1302" status="PASS">
          <reporter-output>
          </reporter-output>
        </test-method> <!-- testUpdateUser -->
        <test-method is-config="true" signature="beforeMethod(java.lang.reflect.Method)[pri:0, instance:com.products.tests.Scenario3@742ff096]" started-at="2023-06-06T12:47:14 IST" name="beforeMethod" finished-at="2023-06-06T12:47:14 IST" duration-ms="0" status="PASS">
          <params>
            <param index="0">
              <value>
                <![CDATA[public void com.products.tests.Scenario3.testUpdateUser()]]>
              </value>
            </param>
          </params>
          <reporter-output>
          </reporter-output>
        </test-method> <!-- beforeMethod -->
        <test-method is-config="true" signature="afterMethod()[pri:0, instance:com.products.tests.Scenario3@742ff096]" started-at="2023-06-06T12:47:15 IST" name="afterMethod" finished-at="2023-06-06T12:47:15 IST" duration-ms="1" status="PASS">
          <reporter-output>
          </reporter-output>
        </test-method> <!-- afterMethod -->
        <test-method is-config="true" signature="beforeMethod(java.lang.reflect.Method)[pri:0, instance:com.products.tests.Scenario3@742ff096]" started-at="2023-06-06T12:47:15 IST" name="beforeMethod" finished-at="2023-06-06T12:47:15 IST" duration-ms="1" status="PASS">
          <params>
            <param index="0">
              <value>
                <![CDATA[public void com.products.tests.Scenario3.testAddUser()]]>
              </value>
            </param>
          </params>
          <reporter-output>
          </reporter-output>
        </test-method> <!-- beforeMethod -->
        <test-method signature="testAddUser()[pri:3, instance:com.products.tests.Scenario3@742ff096]" started-at="2023-06-06T12:47:15 IST" name="testAddUser" finished-at="2023-06-06T12:47:16 IST" duration-ms="878" status="PASS">
          <reporter-output>
          </reporter-output>
        </test-method> <!-- testAddUser -->
        <test-method is-config="true" signature="afterMethod()[pri:0, instance:com.products.tests.Scenario3@742ff096]" started-at="2023-06-06T12:47:16 IST" name="afterMethod" finished-at="2023-06-06T12:47:16 IST" duration-ms="2" status="PASS">
          <reporter-output>
          </reporter-output>
        </test-method> <!-- afterMethod -->
        <test-method is-config="true" signature="beforeMethod(java.lang.reflect.Method)[pri:0, instance:com.products.tests.Scenario3@742ff096]" started-at="2023-06-06T12:47:16 IST" name="beforeMethod" finished-at="2023-06-06T12:47:16 IST" duration-ms="1" status="PASS">
          <params>
            <param index="0">
              <value>
                <![CDATA[public void com.products.tests.Scenario3.testDeleteUser()]]>
              </value>
            </param>
          </params>
          <reporter-output>
          </reporter-output>
        </test-method> <!-- beforeMethod -->
        <test-method signature="testDeleteUser()[pri:4, instance:com.products.tests.Scenario3@742ff096]" started-at="2023-06-06T12:47:16 IST" name="testDeleteUser" finished-at="2023-06-06T12:47:17 IST" duration-ms="1111" status="PASS">
          <reporter-output>
          </reporter-output>
        </test-method> <!-- testDeleteUser -->
        <test-method is-config="true" signature="afterMethod()[pri:0, instance:com.products.tests.Scenario3@742ff096]" started-at="2023-06-06T12:47:17 IST" name="afterMethod" finished-at="2023-06-06T12:47:17 IST" duration-ms="0" status="PASS">
          <reporter-output>
          </reporter-output>
        </test-method> <!-- afterMethod -->
      </class> <!-- com.products.tests.Scenario3 -->
      <class name="com.products.tests.Scenario1">
        <test-method signature="tesGetAllProducts()[pri:1, instance:com.products.tests.Scenario1@cb0755b]" started-at="2023-06-06T12:47:07 IST" name="tesGetAllProducts" finished-at="2023-06-06T12:47:08 IST" duration-ms="827" status="PASS">
          <reporter-output>
          </reporter-output>
        </test-method> <!-- tesGetAllProducts -->
        <test-method is-config="true" signature="beforeMethod(java.lang.reflect.Method)[pri:0, instance:com.products.tests.Scenario1@cb0755b]" started-at="2023-06-06T12:47:07 IST" name="beforeMethod" finished-at="2023-06-06T12:47:07 IST" duration-ms="0" status="PASS">
          <params>
            <param index="0">
              <value>
                <![CDATA[public void com.products.tests.Scenario1.tesGetAllProducts()]]>
              </value>
            </param>
          </params>
          <reporter-output>
          </reporter-output>
        </test-method> <!-- beforeMethod -->
        <test-method is-config="true" signature="afterMethod()[pri:0, instance:com.products.tests.Scenario1@cb0755b]" started-at="2023-06-06T12:47:08 IST" name="afterMethod" finished-at="2023-06-06T12:47:08 IST" duration-ms="1" status="PASS">
          <reporter-output>
          </reporter-output>
        </test-method> <!-- afterMethod -->
        <test-method is-config="true" signature="beforeMethod(java.lang.reflect.Method)[pri:0, instance:com.products.tests.Scenario1@cb0755b]" started-at="2023-06-06T12:47:08 IST" name="beforeMethod" finished-at="2023-06-06T12:47:08 IST" duration-ms="1" status="PASS">
          <params>
            <param index="0">
              <value>
                <![CDATA[public void com.products.tests.Scenario1.testDeleteProduct()]]>
              </value>
            </param>
          </params>
          <reporter-output>
          </reporter-output>
        </test-method> <!-- beforeMethod -->
        <test-method signature="testDeleteProduct()[pri:2, instance:com.products.tests.Scenario1@cb0755b]" started-at="2023-06-06T12:47:08 IST" name="testDeleteProduct" finished-at="2023-06-06T12:47:09 IST" duration-ms="943" status="PASS">
          <reporter-output>
          </reporter-output>
        </test-method> <!-- testDeleteProduct -->
        <test-method is-config="true" signature="afterMethod()[pri:0, instance:com.products.tests.Scenario1@cb0755b]" started-at="2023-06-06T12:47:09 IST" name="afterMethod" finished-at="2023-06-06T12:47:09 IST" duration-ms="0" status="PASS">
          <reporter-output>
          </reporter-output>
        </test-method> <!-- afterMethod -->
        <test-method is-config="true" signature="beforeMethod(java.lang.reflect.Method)[pri:0, instance:com.products.tests.Scenario1@cb0755b]" started-at="2023-06-06T12:47:09 IST" name="beforeMethod" finished-at="2023-06-06T12:47:09 IST" duration-ms="0" status="PASS">
          <params>
            <param index="0">
              <value>
                <![CDATA[public void com.products.tests.Scenario1.testAddProduct()]]>
              </value>
            </param>
          </params>
          <reporter-output>
          </reporter-output>
        </test-method> <!-- beforeMethod -->
        <test-method signature="testAddProduct()[pri:3, instance:com.products.tests.Scenario1@cb0755b]" started-at="2023-06-06T12:47:09 IST" name="testAddProduct" finished-at="2023-06-06T12:47:10 IST" duration-ms="1178" status="PASS">
          <reporter-output>
          </reporter-output>
        </test-method> <!-- testAddProduct -->
        <test-method is-config="true" signature="afterMethod()[pri:0, instance:com.products.tests.Scenario1@cb0755b]" started-at="2023-06-06T12:47:10 IST" name="afterMethod" finished-at="2023-06-06T12:47:10 IST" duration-ms="0" status="PASS">
          <reporter-output>
          </reporter-output>
        </test-method> <!-- afterMethod -->
      </class> <!-- com.products.tests.Scenario1 -->
      <class name="com.products.tests.APISecurity">
        <test-method is-config="true" signature="beforeSuite()[pri:0, instance:com.products.tests.APISecurity@19e4653c]" started-at="2023-06-06T12:46:52 IST" name="beforeSuite" finished-at="2023-06-06T12:46:52 IST" duration-ms="829" status="PASS">
          <reporter-output>
          </reporter-output>
        </test-method> <!-- beforeSuite -->
        <test-method is-config="true" signature="beforeMethod(java.lang.reflect.Method)[pri:0, instance:com.products.tests.APISecurity@19e4653c]" started-at="2023-06-06T12:46:53 IST" name="beforeMethod" finished-at="2023-06-06T12:46:53 IST" duration-ms="4" status="PASS">
          <params>
            <param index="0">
              <value>
                <![CDATA[public void com.products.tests.APISecurity.testGetAccessToken()]]>
              </value>
            </param>
          </params>
          <reporter-output>
          </reporter-output>
        </test-method> <!-- beforeMethod -->
        <test-method signature="testGetAccessToken()[pri:1, instance:com.products.tests.APISecurity@19e4653c]" started-at="2023-06-06T12:46:53 IST" name="testGetAccessToken" finished-at="2023-06-06T12:46:56 IST" duration-ms="3956" status="PASS">
          <reporter-output>
          </reporter-output>
        </test-method> <!-- testGetAccessToken -->
        <test-method is-config="true" signature="afterMethod()[pri:0, instance:com.products.tests.APISecurity@19e4653c]" started-at="2023-06-06T12:46:56 IST" name="afterMethod" finished-at="2023-06-06T12:46:56 IST" duration-ms="3" status="PASS">
          <reporter-output>
          </reporter-output>
        </test-method> <!-- afterMethod -->
        <test-method is-config="true" signature="beforeMethod(java.lang.reflect.Method)[pri:0, instance:com.products.tests.APISecurity@19e4653c]" started-at="2023-06-06T12:46:56 IST" name="beforeMethod" finished-at="2023-06-06T12:46:56 IST" duration-ms="1" status="PASS">
          <params>
            <param index="0">
              <value>
                <![CDATA[public void com.products.tests.APISecurity.testBearerAuthorization()]]>
              </value>
            </param>
          </params>
          <reporter-output>
          </reporter-output>
        </test-method> <!-- beforeMethod -->
        <test-method signature="testBearerAuthorization()[pri:2, instance:com.products.tests.APISecurity@19e4653c]" started-at="2023-06-06T12:46:56 IST" name="testBearerAuthorization" finished-at="2023-06-06T12:46:58 IST" depends-on-methods="com.products.tests.APISecurity.testGetAccessToken" duration-ms="1918" status="PASS">
          <reporter-output>
          </reporter-output>
        </test-method> <!-- testBearerAuthorization -->
        <test-method is-config="true" signature="afterMethod()[pri:0, instance:com.products.tests.APISecurity@19e4653c]" started-at="2023-06-06T12:46:58 IST" name="afterMethod" finished-at="2023-06-06T12:46:58 IST" duration-ms="0" status="PASS">
          <reporter-output>
          </reporter-output>
        </test-method> <!-- afterMethod -->
        <test-method is-config="true" signature="beforeMethod(java.lang.reflect.Method)[pri:0, instance:com.products.tests.APISecurity@19e4653c]" started-at="2023-06-06T12:46:58 IST" name="beforeMethod" finished-at="2023-06-06T12:46:58 IST" duration-ms="0" status="PASS">
          <params>
            <param index="0">
              <value>
                <![CDATA[public void com.products.tests.APISecurity.testOpenAuthorization()]]>
              </value>
            </param>
          </params>
          <reporter-output>
          </reporter-output>
        </test-method> <!-- beforeMethod -->
        <test-method signature="testOpenAuthorization()[pri:3, instance:com.products.tests.APISecurity@19e4653c]" started-at="2023-06-06T12:46:58 IST" name="testOpenAuthorization" finished-at="2023-06-06T12:47:01 IST" depends-on-methods="com.products.tests.APISecurity.testGetAccessToken" duration-ms="2106" status="PASS">
          <reporter-output>
          </reporter-output>
        </test-method> <!-- testOpenAuthorization -->
        <test-method is-config="true" signature="afterMethod()[pri:0, instance:com.products.tests.APISecurity@19e4653c]" started-at="2023-06-06T12:47:01 IST" name="afterMethod" finished-at="2023-06-06T12:47:01 IST" duration-ms="1" status="PASS">
          <reporter-output>
          </reporter-output>
        </test-method> <!-- afterMethod -->
        <test-method is-config="true" signature="beforeMethod(java.lang.reflect.Method)[pri:0, instance:com.products.tests.APISecurity@19e4653c]" started-at="2023-06-06T12:47:01 IST" name="beforeMethod" finished-at="2023-06-06T12:47:01 IST" duration-ms="1" status="PASS">
          <params>
            <param index="0">
              <value>
                <![CDATA[public void com.products.tests.APISecurity.testBadRequest()]]>
              </value>
            </param>
          </params>
          <reporter-output>
          </reporter-output>
        </test-method> <!-- beforeMethod -->
        <test-method signature="testBadRequest()[pri:4, instance:com.products.tests.APISecurity@19e4653c]" started-at="2023-06-06T12:47:01 IST" name="testBadRequest" finished-at="2023-06-06T12:47:05 IST" duration-ms="4635" status="PASS">
          <reporter-output>
          </reporter-output>
        </test-method> <!-- testBadRequest -->
        <test-method is-config="true" signature="afterMethod()[pri:0, instance:com.products.tests.APISecurity@19e4653c]" started-at="2023-06-06T12:47:05 IST" name="afterMethod" finished-at="2023-06-06T12:47:05 IST" duration-ms="0" status="PASS">
          <reporter-output>
          </reporter-output>
        </test-method> <!-- afterMethod -->
        <test-method is-config="true" signature="beforeMethod(java.lang.reflect.Method)[pri:0, instance:com.products.tests.APISecurity@19e4653c]" started-at="2023-06-06T12:47:05 IST" name="beforeMethod" finished-at="2023-06-06T12:47:05 IST" duration-ms="1" status="PASS">
          <params>
            <param index="0">
              <value>
                <![CDATA[public void com.products.tests.APISecurity.testUnauthorized()]]>
              </value>
            </param>
          </params>
          <reporter-output>
          </reporter-output>
        </test-method> <!-- beforeMethod -->
        <test-method signature="testUnauthorized()[pri:5, instance:com.products.tests.APISecurity@19e4653c]" started-at="2023-06-06T12:47:05 IST" name="testUnauthorized" finished-at="2023-06-06T12:47:07 IST" duration-ms="1649" status="PASS">
          <reporter-output>
          </reporter-output>
        </test-method> <!-- testUnauthorized -->
        <test-method is-config="true" signature="afterMethod()[pri:0, instance:com.products.tests.APISecurity@19e4653c]" started-at="2023-06-06T12:47:07 IST" name="afterMethod" finished-at="2023-06-06T12:47:07 IST" duration-ms="0" status="PASS">
          <reporter-output>
          </reporter-output>
        </test-method> <!-- afterMethod -->
        <test-method is-config="true" signature="afterSuite()[pri:0, instance:com.products.tests.APISecurity@19e4653c]" started-at="2023-06-06T12:47:17 IST" name="afterSuite" finished-at="2023-06-06T12:47:17 IST" duration-ms="315" status="PASS">
          <reporter-output>
          </reporter-output>
        </test-method> <!-- afterSuite -->
      </class> <!-- com.products.tests.APISecurity -->
    </test> <!-- API -->
  </suite> <!-- APIAutomation -->
  <suite started-at="2023-06-06T12:47:17 IST" name="API-Automation" finished-at="2023-06-06T12:47:17 IST" duration-ms="0">
    <groups>
    </groups>
  </suite> <!-- API-Automation -->
</testng-results>
