<?xml version="1.0" encoding="UTF-8"?>
<testsuite xmlns:xsi="http://www.w3.org/2001/XMLSchema-instance" xsi:noNamespaceSchemaLocation="https://maven.apache.org/surefire/maven-surefire-plugin/xsd/surefire-test-report-3.0.xsd" version="3.0" name="TestSuite" time="22.372" tests="15" errors="0" skipped="0" failures="0">
  <properties>
[...]
</properties>
  <testcase name="testGetAccessToken" classname="com.products.tests.APISecurity" time="4.957">
    <system-out><![CDATA[onStart method started
Method started testGetAccessToken
HTTP/1.1 200 OK
Server: Apache-Coyote/1.1
Content-Type: application/json
Content-Length: 97
Date: Wed, 31 May 2023 05:36:42 GMT

{
    "Authorization": "YW5OdGFYUm86WkdWdGJ6RXlNelE9Oj8LPz8/cj8=",
    "success": "jsmith is now logged in"
}
PASS - Actual Result ::200==Expected Result ::200
Method passed testGetAccessToken
]]></system-out>
    <system-err><![CDATA[SLF4J: Failed to load class "org.slf4j.impl.StaticLoggerBinder".
SLF4J: Defaulting to no-operation (NOP) logger implementation
SLF4J: See http://www.slf4j.org/codes.html#StaticLoggerBinder for further details.
]]></system-err>
  </testcase>
  <testcase name="testBearerAuthorization" classname="com.products.tests.APISecurity" time="1.345">
    <system-out><![CDATA[Method started testBearerAuthorization
HTTP/1.1 200 OK
Server: Apache-Coyote/1.1
Content-Type: application/json
Content-Length: 19
Date: Wed, 31 May 2023 05:36:45 GMT

{
    "loggedin": "true"
}
PASS - Actual Result ::200==Expected Result ::200
Method passed testBearerAuthorization
]]></system-out>
  </testcase>
  <testcase name="testOpenAuthorization" classname="com.products.tests.APISecurity" time="1.364">
    <system-out><![CDATA[Method started testOpenAuthorization
HTTP/1.1 200 OK
Server: Apache-Coyote/1.1
Content-Type: application/json
Content-Length: 19
Date: Wed, 31 May 2023 05:36:46 GMT

{
    "loggedin": "true"
}
PASS - Actual Result ::200==Expected Result ::200
Method passed testOpenAuthorization
]]></system-out>
  </testcase>
  <testcase name="testBadRequest" classname="com.products.tests.APISecurity" time="1.356">
    <system-out><![CDATA[Method started testBadRequest
HTTP/1.1 400 Bad Request
Server: Apache-Coyote/1.1
Content-Type: application/json
Content-Length: 83
Date: Wed, 31 May 2023 05:36:47 GMT
Connection: close

{
    "error": "We're sorry, but this username or password was not found in our system."
}
PASS - Actual Result ::400==Expected Result ::400
Method passed testBadRequest
]]></system-out>
  </testcase>
  <testcase name="testUnauthorized" classname="com.products.tests.APISecurity" time="1.819">
    <system-out><![CDATA[Method started testUnauthorized
HTTP/1.1 401 Unauthorized
Server: Apache-Coyote/1.1
Content-Type: text/plain
Content-Length: 35
Date: Wed, 31 May 2023 05:36:49 GMT

loggedIn=false
Please log in first
PASS - Actual Result ::401==Expected Result ::401
Method passed testUnauthorized
]]></system-out>
  </testcase>
  <testcase name="tesGetAllProducts" classname="com.products.tests.Scenario1" time="0.818">
    <system-out><![CDATA[Method started tesGetAllProducts
HTTP/1.1 200 OK
Date: Wed, 31 May 2023 05:36:50 GMT
Content-Type: application/json; charset=utf-8
Transfer-Encoding: chunked
Connection: keep-alive
Access-Control-Allow-Origin: *
Etag: W/"297c-h+n6NsR3M51S6528jZo3BluzvtU"
X-Powered-By: Express
CF-Cache-Status: DYNAMIC
Report-To: {"endpoints":[{"url":"https:\/\/a.nel.cloudflare.com\/report\/v3?s=bx2tKUL3tdWCGJWRzgK%2FMw1Je%2Fu3qss6ghu6L7zEHEaYICqlR6dUMX02skpulQfTXry7RCrxBQA16JViaCI7HcYeESv3kMpVQjILTSl6JBZ5CHzDuPvJUuUhaavhu50xgTOA"}],"group":"cf-nel","max_age":604800}
NEL: {"success_fraction":0,"report_to":"cf-nel","max_age":604800}
Server: cloudflare
CF-RAY: 7cfcdc89191f87e7-SIN
Content-Encoding: gzip
alt-svc: h3=":443"; ma=86400

[
    {
        "id": 1,
        "title": "Fjallraven - Foldsack No. 1 Backpack, Fits 15 Laptops",
        "price": 109.95,
        "description": "Your perfect pack for everyday use and walks in the forest. Stash your laptop (up to 15 inches) in the padded sleeve, your everyday",
        "category": "men's clothing",
        "image": "https://fakestoreapi.com/img/81fPKd-2AYL._AC_SL1500_.jpg",
        "rating": {
            "rate": 3.9,
            "count": 120
        }
    },
    {
        "id": 2,
        "title": "Mens Casual Premium Slim Fit T-Shirts ",
        "price": 22.3,
        "description": "Slim-fitting style, contrast raglan long sleeve, three-button henley placket, light weight & soft fabric for breathable and comfortable wearing. And Solid stitched shirts with round neck made for durability and a great fit for casual fashion wear and diehard baseball fans. The Henley style round neckline includes a three-button placket.",
        "category": "men's clothing",
        "image": "https://fakestoreapi.com/img/71-3HjGNDUL._AC_SY879._SX._UX._SY._UY_.jpg",
        "rating": {
            "rate": 4.1,
            "count": 259
        }
    },
    {
        "id": 3,
        "title": "Mens Cotton Jacket",
        "price": 55.99,
        "description": "great outerwear jackets for Spring/Autumn/Winter, suitable for many occasions, such as working, hiking, camping, mountain/rock climbing, cycling, traveling or other outdoors. Good gift choice for you or your family member. A warm hearted love to Father, husband or son in this thanksgiving or Christmas Day.",
        "category": "men's clothing",
        "image": "https://fakestoreapi.com/img/71li-ujtlUL._AC_UX679_.jpg",
        "rating": {
            "rate": 4.7,
            "count": 500
        }
    },
    {
        "id": 4,
        "title": "Mens Casual Slim Fit",
        "price": 15.99,
        "description": "The color could be slightly different between on the screen and in practice. / Please note that body builds vary by person, therefore, detailed size information should be reviewed below on the product description.",
        "category": "men's clothing",
        "image": "https://fakestoreapi.com/img/71YXzeOuslL._AC_UY879_.jpg",
        "rating": {
            "rate": 2.1,
            "count": 430
        }
    },
    {
        "id": 5,
        "title": "John Hardy Women's Legends Naga Gold & Silver Dragon Station Chain Bracelet",
        "price": 695,
        "description": "From our Legends Collection, the Naga was inspired by the mythical water dragon that protects the ocean's pearl. Wear facing inward to be bestowed with love and abundance, or outward for protection.",
        "category": "jewelery",
        "image": "https://fakestoreapi.com/img/71pWzhdJNwL._AC_UL640_QL65_ML3_.jpg",
        "rating": {
            "rate": 4.6,
            "count": 400
        }
    },
    {
        "id": 6,
        "title": "Solid Gold Petite Micropave ",
        "price": 168,
        "description": "Satisfaction Guaranteed. Return or exchange any order within 30 days.Designed and sold by Hafeez Center in the United States. Satisfaction Guaranteed. Return or exchange any order within 30 days.",
        "category": "jewelery",
        "image": "https://fakestoreapi.com/img/61sbMiUnoGL._AC_UL640_QL65_ML3_.jpg",
        "rating": {
            "rate": 3.9,
            "count": 70
        }
    },
    {
        "id": 7,
        "title": "White Gold Plated Princess",
        "price": 9.99,
        "description": "Classic Created Wedding Engagement Solitaire Diamond Promise Ring for Her. Gifts to spoil your love more for Engagement, Wedding, Anniversary, Valentine's Day...",
        "category": "jewelery",
        "image": "https://fakestoreapi.com/img/71YAIFU48IL._AC_UL640_QL65_ML3_.jpg",
        "rating": {
            "rate": 3,
            "count": 400
        }
    },
    {
        "id": 8,
        "title": "Pierced Owl Rose Gold Plated Stainless Steel Double",
        "price": 10.99,
        "description": "Rose Gold Plated Double Flared Tunnel Plug Earrings. Made of 316L Stainless Steel",
        "category": "jewelery",
        "image": "https://fakestoreapi.com/img/51UDEzMJVpL._AC_UL640_QL65_ML3_.jpg",
        "rating": {
            "rate": 1.9,
            "count": 100
        }
    },
    {
        "id": 9,
        "title": "WD 2TB Elements Portable External Hard Drive - USB 3.0 ",
        "price": 64,
        "description": "USB 3.0 and USB 2.0 Compatibility Fast data transfers Improve PC Performance High Capacity; Compatibility Formatted NTFS for Windows 10, Windows 8.1, Windows 7; Reformatting may be required for other operating systems; Compatibility may vary depending on user’s hardware configuration and operating system",
        "category": "electronics",
        "image": "https://fakestoreapi.com/img/61IBBVJvSDL._AC_SY879_.jpg",
        "rating": {
            "rate": 3.3,
            "count": 203
        }
    },
    {
        "id": 10,
        "title": "SanDisk SSD PLUS 1TB Internal SSD - SATA III 6 Gb/s",
        "price": 109,
        "description": "Easy upgrade for faster boot up, shutdown, application load and response (As compared to 5400 RPM SATA 2.5” hard drive; Based on published specifications and internal benchmarking tests using PCMark vantage scores) Boosts burst write performance, making it ideal for typical PC workloads The perfect balance of performance and reliability Read/write speeds of up to 535MB/s/450MB/s (Based on internal testing; Performance may vary depending upon drive capacity, host device, OS and application.)",
        "category": "electronics",
        "image": "https://fakestoreapi.com/img/61U7T1koQqL._AC_SX679_.jpg",
        "rating": {
            "rate": 2.9,
            "count": 470
        }
    },
    {
        "id": 11,
        "title": "Silicon Power 256GB SSD 3D NAND A55 SLC Cache Performance Boost SATA III 2.5",
        "price": 109,
        "description": "3D NAND flash are applied to deliver high transfer speeds Remarkable transfer speeds that enable faster bootup and improved overall system performance. The advanced SLC Cache Technology allows performance boost and longer lifespan 7mm slim design suitable for Ultrabooks and Ultra-slim notebooks. Supports TRIM command, Garbage Collection technology, RAID, and ECC (Error Checking & Correction) to provide the optimized performance and enhanced reliability.",
        "category": "electronics",
        "image": "https://fakestoreapi.com/img/71kWymZ+c+L._AC_SX679_.jpg",
        "rating": {
            "rate": 4.8,
            "count": 319
        }
    },
    {
        "id": 12,
        "title": "WD 4TB Gaming Drive Works with Playstation 4 Portable External Hard Drive",
        "price": 114,
        "description": "Expand your PS4 gaming experience, Play anywhere Fast and easy, setup Sleek design with high capacity, 3-year manufacturer's limited warranty",
        "category": "electronics",
        "image": "https://fakestoreapi.com/img/61mtL65D4cL._AC_SX679_.jpg",
        "rating": {
            "rate": 4.8,
            "count": 400
        }
    },
    {
        "id": 13,
        "title": "Acer SB220Q bi 21.5 inches Full HD (1920 x 1080) IPS Ultra-Thin",
        "price": 599,
        "description": "21. 5 inches Full HD (1920 x 1080) widescreen IPS display And Radeon free Sync technology. No compatibility for VESA Mount Refresh Rate: 75Hz - Using HDMI port Zero-frame design | ultra-thin | 4ms response time | IPS panel Aspect ratio - 16: 9. Color Supported - 16. 7 million colors. Brightness - 250 nit Tilt angle -5 degree to 15 degree. Horizontal viewing angle-178 degree. Vertical viewing angle-178 degree 75 hertz",
        "category": "electronics",
        "image": "https://fakestoreapi.com/img/81QpkIctqPL._AC_SX679_.jpg",
        "rating": {
            "rate": 2.9,
            "count": 250
        }
    },
    {
        "id": 14,
        "title": "Samsung 49-Inch CHG90 144Hz Curved Gaming Monitor (LC49HG90DMNXZA) – Super Ultrawide Screen QLED ",
        "price": 999.99,
        "description": "49 INCH SUPER ULTRAWIDE 32:9 CURVED GAMING MONITOR with dual 27 inch screen side by side QUANTUM DOT (QLED) TECHNOLOGY, HDR support and factory calibration provides stunningly realistic and accurate color and contrast 144HZ HIGH REFRESH RATE and 1ms ultra fast response time work to eliminate motion blur, ghosting, and reduce input lag",
        "category": "electronics",
        "image": "https://fakestoreapi.com/img/81Zt42ioCgL._AC_SX679_.jpg",
        "rating": {
            "rate": 2.2,
            "count": 140
        }
    },
    {
        "id": 15,
        "title": "BIYLACLESEN Women's 3-in-1 Snowboard Jacket Winter Coats",
        "price": 56.99,
        "description": "Note:The Jackets is US standard size, Please choose size as your usual wear Material: 100% Polyester; Detachable Liner Fabric: Warm Fleece. Detachable Functional Liner: Skin Friendly, Lightweigt and Warm.Stand Collar Liner jacket, keep you warm in cold weather. Zippered Pockets: 2 Zippered Hand Pockets, 2 Zippered Pockets on Chest (enough to keep cards or keys)and 1 Hidden Pocket Inside.Zippered Hand Pockets and Hidden Pocket keep your things secure. Humanized Design: Adjustable and Detachable Hood and Adjustable cuff to prevent the wind and water,for a comfortable fit. 3 in 1 Detachable Design provide more convenience, you can separate the coat and inner as needed, or wear it together. It is suitable for different season and help you adapt to different climates",
        "category": "women's clothing",
        "image": "https://fakestoreapi.com/img/51Y5NI-I5jL._AC_UX679_.jpg",
        "rating": {
            "rate": 2.6,
            "count": 235
        }
    },
    {
        "id": 16,
        "title": "Lock and Love Women's Removable Hooded Faux Leather Moto Biker Jacket",
        "price": 29.95,
        "description": "100% POLYURETHANE(shell) 100% POLYESTER(lining) 75% POLYESTER 25% COTTON (SWEATER), Faux leather material for style and comfort / 2 pockets of front, 2-For-One Hooded denim style faux leather jacket, Button detail on waist / Detail stitching at sides, HAND WASH ONLY / DO NOT BLEACH / LINE DRY / DO NOT IRON",
        "category": "women's clothing",
        "image": "https://fakestoreapi.com/img/81XH0e8fefL._AC_UY879_.jpg",
        "rating": {
            "rate": 2.9,
            "count": 340
        }
    },
    {
        "id": 17,
        "title": "Rain Jacket Women Windbreaker Striped Climbing Raincoats",
        "price": 39.99,
        "description": "Lightweight perfet for trip or casual wear---Long sleeve with hooded, adjustable drawstring waist design. Button and zipper front closure raincoat, fully stripes Lined and The Raincoat has 2 side pockets are a good size to hold all kinds of things, it covers the hips, and the hood is generous but doesn't overdo it.Attached Cotton Lined Hood with Adjustable Drawstrings give it a real styled look.",
        "category": "women's clothing",
        "image": "https://fakestoreapi.com/img/71HblAHs5xL._AC_UY879_-2.jpg",
        "rating": {
            "rate": 3.8,
            "count": 679
        }
    },
    {
        "id": 18,
        "title": "MBJ Women's Solid Short Sleeve Boat Neck V ",
        "price": 9.85,
        "description": "95% RAYON 5% SPANDEX, Made in USA or Imported, Do Not Bleach, Lightweight fabric with great stretch for comfort, Ribbed on sleeves and neckline / Double stitching on bottom hem",
        "category": "women's clothing",
        "image": "https://fakestoreapi.com/img/71z3kpMAYsL._AC_UY879_.jpg",
        "rating": {
            "rate": 4.7,
            "count": 130
        }
    },
    {
        "id": 19,
        "title": "Opna Women's Short Sleeve Moisture",
        "price": 7.95,
        "description": "100% Polyester, Machine wash, 100% cationic polyester interlock, Machine Wash & Pre Shrunk for a Great Fit, Lightweight, roomy and highly breathable with moisture wicking fabric which helps to keep moisture away, Soft Lightweight Fabric with comfortable V-neck collar and a slimmer fit, delivers a sleek, more feminine silhouette and Added Comfort",
        "category": "women's clothing",
        "image": "https://fakestoreapi.com/img/51eg55uWmdL._AC_UX679_.jpg",
        "rating": {
            "rate": 4.5,
            "count": 146
        }
    },
    {
        "id": 20,
        "title": "DANVOUY Womens T Shirt Casual Cotton Short",
        "price": 12.99,
        "description": "95%Cotton,5%Spandex, Features: Casual, Short Sleeve, Letter Print,V-Neck,Fashion Tees, The fabric is soft and has some stretch., Occasion: Casual/Office/Beach/School/Home/Street. Season: Spring,Summer,Autumn,Winter.",
        "category": "women's clothing",
        "image": "https://fakestoreapi.com/img/61pHAEJ4NML._AC_UX679_.jpg",
        "rating": {
            "rate": 3.6,
            "count": 145
        }
    }
]
PASS - Actual Result ::200==Expected Result ::200
Method passed tesGetAllProducts
]]></system-out>
  </testcase>
  <testcase name="testDeleteProduct" classname="com.products.tests.Scenario1" time="0.867">
    <system-out><![CDATA[Method started testDeleteProduct
HTTP/1.1 200 OK
Date: Wed, 31 May 2023 05:36:51 GMT
Content-Type: application/json; charset=utf-8
Transfer-Encoding: chunked
Connection: keep-alive
Access-Control-Allow-Origin: *
Etag: W/"16d-qTR0d8mKeFXf4BNQZ3HqeuIY5nI"
X-Powered-By: Express
CF-Cache-Status: DYNAMIC
Report-To: {"endpoints":[{"url":"https:\/\/a.nel.cloudflare.com\/report\/v3?s=LXgwMyNxXqj7vunbRT34Gb80JCNyMnCFvldCTfM8cITGThrG7DXIkI%2BwCxdRRNFu2T2cT7eDT%2BtImfyaL3o1JSiGe74MFnpUESXwmeIQokdfVLqq3ioRWZDYnCK8ReyaCDkS"}],"group":"cf-nel","max_age":604800}
NEL: {"success_fraction":0,"report_to":"cf-nel","max_age":604800}
Server: cloudflare
CF-RAY: 7cfcdc8dff714607-SIN
Content-Encoding: gzip
alt-svc: h3=":443"; ma=86400

{
    "id": 7,
    "title": "White Gold Plated Princess",
    "price": 9.99,
    "description": "Classic Created Wedding Engagement Solitaire Diamond Promise Ring for Her. Gifts to spoil your love more for Engagement, Wedding, Anniversary, Valentine's Day...",
    "category": "jewelery",
    "image": "https://fakestoreapi.com/img/71YAIFU48IL._AC_UL640_QL65_ML3_.jpg",
    "rating": {
        "rate": 3,
        "count": 400
    }
}
PASS - Actual Result ::200==Expected Result ::200
Method passed testDeleteProduct
]]></system-out>
  </testcase>
  <testcase name="testAddProduct" classname="com.products.tests.Scenario1" time="1.105">
    <system-out><![CDATA[Method started testAddProduct
Request method:	POST
Request URI:	https://fakestoreapi.com/products
Proxy:			<none>
Request params:	<none>
Query params:	<none>
Form params:	<none>
Path params:	endpoint=products
Headers:		Accept=application/json, application/javascript, text/javascript, text/json
				Content-Type=application/json
Cookies:		<none>
Multiparts:		<none>
Body:
{
    "title": "test product",
    "price": 14.1,
    "description": "lorem ipsum set",
    "image": "https://i.pravatar.cc",
    "category": "electronic",
    "rating": {
        "rate": 3.99,
        "count": 11
    }
}
HTTP/1.1 200 OK
Date: Wed, 31 May 2023 05:36:52 GMT
Content-Type: application/json; charset=utf-8
Transfer-Encoding: chunked
Connection: keep-alive
Access-Control-Allow-Origin: *
Etag: W/"85-oobhkPLGgrtForpHGmDokAcISb8"
X-Powered-By: Express
CF-Cache-Status: DYNAMIC
Report-To: {"endpoints":[{"url":"https:\/\/a.nel.cloudflare.com\/report\/v3?s=3oIWGKVV6l%2Fbm31hGTXsNsLukcdtQsBZmJ6faROJIwRJ5t5zJOlB1caaWDihOQQ1LMg7HDX%2FB3TZdCxVD%2Fz61w9pHNPSX62j4btVM81q4atsiVpbyRbdn5hM9CRkya8Qq8wt"}],"group":"cf-nel","max_age":604800}
NEL: {"success_fraction":0,"report_to":"cf-nel","max_age":604800}
Server: cloudflare
CF-RAY: 7cfcdc93dde540ce-SIN
Content-Encoding: gzip
alt-svc: h3=":443"; ma=86400

{
    "id": 21,
    "title": "test product",
    "price": 14.1,
    "description": "lorem ipsum set",
    "image": "https://i.pravatar.cc",
    "category": "electronic"
}
PASS - Actual Result ::200==Expected Result ::200
Method passed testAddProduct
]]></system-out>
  </testcase>
  <testcase name="testGetLimitCart" classname="com.products.tests.Scenario2" time="0.888">
    <system-out><![CDATA[Method started testGetLimitCart
HTTP/1.1 200 OK
Date: Wed, 31 May 2023 05:36:53 GMT
Content-Type: application/json; charset=utf-8
Transfer-Encoding: chunked
Connection: keep-alive
Access-Control-Allow-Origin: *
Etag: W/"1cb-k9STtBKwUNpGzaiwMY35nM5R8kQ"
X-Powered-By: Express
CF-Cache-Status: DYNAMIC
Report-To: {"endpoints":[{"url":"https:\/\/a.nel.cloudflare.com\/report\/v3?s=193YKan5FC4%2F3%2F2O5PmLc%2FHgqZ5arwYKgf7YqH7jpL5JTOcl6vyRI1sKefatffEoTYzZC%2B66WLZGyViDBqSMKmJza968EeSDFBPTGyKA3DS6P52MaS7wLGFtQ9YvyvppT5Hn"}],"group":"cf-nel","max_age":604800}
NEL: {"success_fraction":0,"report_to":"cf-nel","max_age":604800}
Server: cloudflare
CF-RAY: 7cfcdc9aaa1d9f95-SIN
Content-Encoding: gzip
alt-svc: h3=":443"; ma=86400

[
    {
        "id": 1,
        "userId": 1,
        "date": "2020-03-02T00:00:00.000Z",
        "products": [
            {
                "productId": 1,
                "quantity": 4
            },
            {
                "productId": 2,
                "quantity": 1
            },
            {
                "productId": 3,
                "quantity": 6
            }
        ],
        "__v": 0
    },
    {
        "id": 2,
        "userId": 1,
        "date": "2020-01-02T00:00:00.000Z",
        "products": [
            {
                "productId": 2,
                "quantity": 4
            },
            {
                "productId": 1,
                "quantity": 10
            },
            {
                "productId": 5,
                "quantity": 2
            }
        ],
        "__v": 0
    },
    {
        "id": 3,
        "userId": 2,
        "date": "2020-03-01T00:00:00.000Z",
        "products": [
            {
                "productId": 1,
                "quantity": 2
            },
            {
                "productId": 9,
                "quantity": 1
            }
        ],
        "__v": 0
    }
]
PASS - Actual Result ::200==Expected Result ::200
Method passed testGetLimitCart
]]></system-out>
  </testcase>
  <testcase name="testSortCartResult" classname="com.products.tests.Scenario2" time="0.852">
    <system-out><![CDATA[Method started testSortCartResult
HTTP/1.1 200 OK
Date: Wed, 31 May 2023 05:36:54 GMT
Content-Type: application/json; charset=utf-8
Transfer-Encoding: chunked
Connection: keep-alive
Access-Control-Allow-Origin: *
Etag: W/"3a8-nb02RQT3OuKfcepxTeTynGjWm8Q"
X-Powered-By: Express
CF-Cache-Status: DYNAMIC
Report-To: {"endpoints":[{"url":"https:\/\/a.nel.cloudflare.com\/report\/v3?s=fwXLRZ5ZyEsrWh2nH8QcRaNg6lrGhK9QFCAAuhfuZgCkFVRIJ0HbXa8EGp2IKMH4C9EfLYvoAUjIubnMyFuZM%2BH2iybmLQLPLEXfvUg9Q6wEwyYRgm19p07gSgG9mkL5wWgj"}],"group":"cf-nel","max_age":604800}
NEL: {"success_fraction":0,"report_to":"cf-nel","max_age":604800}
Server: cloudflare
CF-RAY: 7cfcdc9fcf42400e-SIN
Content-Encoding: gzip
alt-svc: h3=":443"; ma=86400

[
    {
        "id": 7,
        "userId": 8,
        "date": "2020-03-01T00:00:00.000Z",
        "products": [
            {
                "productId": 18,
                "quantity": 1
            }
        ],
        "__v": 0
    },
    {
        "id": 6,
        "userId": 4,
        "date": "2020-03-01T00:00:00.000Z",
        "products": [
            {
                "productId": 10,
                "quantity": 2
            },
            {
                "productId": 12,
                "quantity": 3
            }
        ],
        "__v": 0
    },
    {
        "id": 5,
        "userId": 3,
        "date": "2020-03-01T00:00:00.000Z",
        "products": [
            {
                "productId": 7,
                "quantity": 1
            },
            {
                "productId": 8,
                "quantity": 1
            }
        ],
        "__v": 0
    },
    {
        "id": 4,
        "userId": 3,
        "date": "2020-01-01T00:00:00.000Z",
        "products": [
            {
                "productId": 1,
                "quantity": 4
            }
        ],
        "__v": 0
    },
    {
        "id": 3,
        "userId": 2,
        "date": "2020-03-01T00:00:00.000Z",
        "products": [
            {
                "productId": 1,
                "quantity": 2
            },
            {
                "productId": 9,
                "quantity": 1
            }
        ],
        "__v": 0
    },
    {
        "id": 2,
        "userId": 1,
        "date": "2020-01-02T00:00:00.000Z",
        "products": [
            {
                "productId": 2,
                "quantity": 4
            },
            {
                "productId": 1,
                "quantity": 10
            },
            {
                "productId": 5,
                "quantity": 2
            }
        ],
        "__v": 0
    },
    {
        "id": 1,
        "userId": 1,
        "date": "2020-03-02T00:00:00.000Z",
        "products": [
            {
                "productId": 1,
                "quantity": 4
            },
            {
                "productId": 2,
                "quantity": 1
            },
            {
                "productId": 3,
                "quantity": 6
            }
        ],
        "__v": 0
    }
]
PASS - Actual Result ::200==Expected Result ::200
Method passed testSortCartResult
]]></system-out>
  </testcase>
  <testcase name="testDateRange" classname="com.products.tests.Scenario2" time="0.591">
    <system-out><![CDATA[Method started testDateRange
HTTP/1.1 200 OK
Date: Wed, 31 May 2023 05:36:54 GMT
Content-Type: application/json; charset=utf-8
Transfer-Encoding: chunked
Connection: keep-alive
Access-Control-Allow-Origin: *
Etag: W/"10c-7Egbp1+U8xwtB4VaP0z81mcg9B8"
X-Powered-By: Express
CF-Cache-Status: DYNAMIC
Report-To: {"endpoints":[{"url":"https:\/\/a.nel.cloudflare.com\/report\/v3?s=JyQ3fz8fdYYT47BwaPJUGHjUHUVqI30zbucsC0Opehhk36PZIUV%2F3Rqgii8mSjGpWQfFhoFj%2FI%2FUmHEuW6upuI%2B7qybUWkAxud861xEHQbYkdy0hkICJrqrffTSa6CQhiB26"}],"group":"cf-nel","max_age":604800}
NEL: {"success_fraction":0,"report_to":"cf-nel","max_age":604800}
Server: cloudflare
CF-RAY: 7cfcdca50ae6410f-SIN
Content-Encoding: gzip
alt-svc: h3=":443"; ma=86400

[
    {
        "id": 2,
        "userId": 1,
        "date": "2020-01-02T00:00:00.000Z",
        "products": [
            {
                "productId": 2,
                "quantity": 4
            },
            {
                "productId": 1,
                "quantity": 10
            },
            {
                "productId": 5,
                "quantity": 2
            }
        ],
        "__v": 0
    },
    {
        "id": 4,
        "userId": 3,
        "date": "2020-01-01T00:00:00.000Z",
        "products": [
            {
                "productId": 1,
                "quantity": 4
            }
        ],
        "__v": 0
    }
]
PASS - Actual Result ::200==Expected Result ::200
Method passed testDateRange
]]></system-out>
  </testcase>
  <testcase name="testGetAllUsers" classname="com.products.tests.Scenario3" time="0.886">
    <system-out><![CDATA[Method started testGetAllUsers
HTTP/1.1 200 OK
Date: Wed, 31 May 2023 05:36:55 GMT
Content-Type: application/json; charset=utf-8
Transfer-Encoding: chunked
Connection: keep-alive
Access-Control-Allow-Origin: *
Etag: W/"bae-Vi0JNVg0EAD6LcGk4v18ASK0bgA"
X-Powered-By: Express
CF-Cache-Status: DYNAMIC
Report-To: {"endpoints":[{"url":"https:\/\/a.nel.cloudflare.com\/report\/v3?s=5RDuC%2FzhkNYZTVvnmdQjZ9%2Bf1RO8OejRJI8e6C8v5wrZQxATN5G81ecLMNkNDYHvlzUGRS2heemf4RwT%2B%2FkRzegGRjTni%2FebIPHR7ht6qa7Fdp2FBDgC7GAxhOcM3fyXawZF"}],"group":"cf-nel","max_age":604800}
NEL: {"success_fraction":0,"report_to":"cf-nel","max_age":604800}
Server: cloudflare
CF-RAY: 7cfcdca8e9899fcd-SIN
Content-Encoding: gzip
alt-svc: h3=":443"; ma=86400

[
    {
        "address": {
            "geolocation": {
                "lat": "-37.3159",
                "long": "81.1496"
            },
            "city": "kilcoole",
            "street": "new road",
            "number": 7682,
            "zipcode": "12926-3874"
        },
        "id": 1,
        "email": "john@gmail.com",
        "username": "johnd",
        "password": "m38rmF$",
        "name": {
            "firstname": "john",
            "lastname": "doe"
        },
        "phone": "1-570-236-7033",
        "__v": 0
    },
    {
        "address": {
            "geolocation": {
                "lat": "-37.3159",
                "long": "81.1496"
            },
            "city": "kilcoole",
            "street": "Lovers Ln",
            "number": 7267,
            "zipcode": "12926-3874"
        },
        "id": 2,
        "email": "morrison@gmail.com",
        "username": "mor_2314",
        "password": "83r5^_",
        "name": {
            "firstname": "david",
            "lastname": "morrison"
        },
        "phone": "1-570-236-7033",
        "__v": 0
    },
    {
        "address": {
            "geolocation": {
                "lat": "40.3467",
                "long": "-30.1310"
            },
            "city": "Cullman",
            "street": "Frances Ct",
            "number": 86,
            "zipcode": "29567-1452"
        },
        "id": 3,
        "email": "kevin@gmail.com",
        "username": "kevinryan",
        "password": "kev02937@",
        "name": {
            "firstname": "kevin",
            "lastname": "ryan"
        },
        "phone": "1-567-094-1345",
        "__v": 0
    },
    {
        "address": {
            "geolocation": {
                "lat": "50.3467",
                "long": "-20.1310"
            },
            "city": "San Antonio",
            "street": "Hunters Creek Dr",
            "number": 6454,
            "zipcode": "98234-1734"
        },
        "id": 4,
        "email": "don@gmail.com",
        "username": "donero",
        "password": "ewedon",
        "name": {
            "firstname": "don",
            "lastname": "romer"
        },
        "phone": "1-765-789-6734",
        "__v": 0
    },
    {
        "address": {
            "geolocation": {
                "lat": "40.3467",
                "long": "-40.1310"
            },
            "city": "san Antonio",
            "street": "adams St",
            "number": 245,
            "zipcode": "80796-1234"
        },
        "id": 5,
        "email": "derek@gmail.com",
        "username": "derek",
        "password": "jklg*_56",
        "name": {
            "firstname": "derek",
            "lastname": "powell"
        },
        "phone": "1-956-001-1945",
        "__v": 0
    },
    {
        "address": {
            "geolocation": {
                "lat": "20.1677",
                "long": "-10.6789"
            },
            "city": "el paso",
            "street": "prospect st",
            "number": 124,
            "zipcode": "12346-0456"
        },
        "id": 6,
        "email": "david_r@gmail.com",
        "username": "david_r",
        "password": "3478*#54",
        "name": {
            "firstname": "david",
            "lastname": "russell"
        },
        "phone": "1-678-345-9856",
        "__v": 0
    },
    {
        "address": {
            "geolocation": {
                "lat": "10.3456",
                "long": "20.6419"
            },
            "city": "fresno",
            "street": "saddle st",
            "number": 1342,
            "zipcode": "96378-0245"
        },
        "id": 7,
        "email": "miriam@gmail.com",
        "username": "snyder",
        "password": "f238&@*$",
        "name": {
            "firstname": "miriam",
            "lastname": "snyder"
        },
        "phone": "1-123-943-0563",
        "__v": 0
    },
    {
        "address": {
            "geolocation": {
                "lat": "50.3456",
                "long": "10.6419"
            },
            "city": "mesa",
            "street": "vally view ln",
            "number": 1342,
            "zipcode": "96378-0245"
        },
        "id": 8,
        "email": "william@gmail.com",
        "username": "hopkins",
        "password": "William56$hj",
        "name": {
            "firstname": "william",
            "lastname": "hopkins"
        },
        "phone": "1-478-001-0890",
        "__v": 0
    },
    {
        "address": {
            "geolocation": {
                "lat": "40.12456",
                "long": "20.5419"
            },
            "city": "miami",
            "street": "avondale ave",
            "number": 345,
            "zipcode": "96378-0245"
        },
        "id": 9,
        "email": "kate@gmail.com",
        "username": "kate_h",
        "password": "kfejk@*_",
        "name": {
            "firstname": "kate",
            "lastname": "hale"
        },
        "phone": "1-678-456-1934",
        "__v": 0
    },
    {
        "address": {
            "geolocation": {
                "lat": "30.24788",
                "long": "-20.545419"
            },
            "city": "fort wayne",
            "street": "oak lawn ave",
            "number": 526,
            "zipcode": "10256-4532"
        },
        "id": 10,
        "email": "jimmie@gmail.com",
        "username": "jimmie_k",
        "password": "klein*#%*",
        "name": {
            "firstname": "jimmie",
            "lastname": "klein"
        },
        "phone": "1-104-001-4567",
        "__v": 0
    }
]
PASS - Actual Result ::200==Expected Result ::200
Method passed testGetAllUsers
]]></system-out>
  </testcase>
  <testcase name="testUpdateUser" classname="com.products.tests.Scenario3" time="0.981">
    <system-out><![CDATA[Method started testUpdateUser
Body:
{
    "email": "marita.gaylord@hotmail.com",
    "username": "walsh.net",
    "password": "9dpxc4cy",
    "name": {
        "firstname": "Carita",
        "lastname": "Rolfson"
    },
    "address": {
        "city": "Brasilia",
        "street": "Wes Ville",
        "number": 3,
        "zipcode": "1512651973897",
        "geolocation": {
            "lat": "60B79AAA",
            "long": "36CD82F5"
        }
    },
    "phone": "574-470-8148 x288"
}
HTTP/1.1 200 OK
Date: Wed, 31 May 2023 05:36:56 GMT
Content-Type: application/json; charset=utf-8
Transfer-Encoding: chunked
Connection: keep-alive
Access-Control-Allow-Origin: *
Etag: W/"12d-FtA0auPMinBvEMZpoSfoB4gw4/U"
X-Powered-By: Express
CF-Cache-Status: DYNAMIC
Report-To: {"endpoints":[{"url":"https:\/\/a.nel.cloudflare.com\/report\/v3?s=BTlQmqyb5OqGzfPRm20H%2B4gSquXr4YPGPFuE6xe8mcM2WvRgsaSMh3u5xmhbui8%2Fp87vIoQ8yvBGdbWDl18q7g0DO5HhKIVFNsRtqxvFCe8wgpQwqMM54MsTJNlHJjnnmXPx"}],"group":"cf-nel","max_age":604800}
NEL: {"success_fraction":0,"report_to":"cf-nel","max_age":604800}
Server: cloudflare
CF-RAY: 7cfcdcb04c4b4a1d-SIN
Content-Encoding: gzip
alt-svc: h3=":443"; ma=86400

{
    "email": "marita.gaylord@hotmail.com",
    "username": "walsh.net",
    "password": "9dpxc4cy",
    "name": {
        "firstname": "Carita",
        "lastname": "Rolfson"
    },
    "address": {
        "city": "Brasilia",
        "street": "Wes Ville",
        "number": 3,
        "zipcode": "1512651973897",
        "geolocation": {
            "lat": "60B79AAA",
            "long": "36CD82F5"
        }
    },
    "phone": "574-470-8148 x288"
}
PASS - Actual Result ::200==Expected Result ::200
Method passed testUpdateUser
]]></system-out>
  </testcase>
  <testcase name="testAddUser" classname="com.products.tests.Scenario3" time="0.836">
    <system-out><![CDATA[Method started testAddUser
Request method:	POST
Request URI:	https://fakestoreapi.com/users
Proxy:			<none>
Request params:	<none>
Query params:	<none>
Form params:	<none>
Path params:	endpoint=users
Headers:		Accept=application/json, application/javascript, text/javascript, text/json
				Content-Type=application/json
Cookies:		<none>
Multiparts:		<none>
Body:
{
    "email": "sammie.dickens@yahoo.com",
    "username": "cruickshank.co",
    "password": "2g5pi2bf0i",
    "name": {
        "firstname": "Wilfred",
        "lastname": "Hammes"
    },
    "address": {
        "city": "San Marino",
        "street": "Dominick Crossroad",
        "number": 8,
        "zipcode": "3661652170274",
        "geolocation": {
            "lat": "9D5A3A37",
            "long": "6D383EDF"
        }
    },
    "phone": "(706) 805-9112 x208"
}
HTTP/1.1 200 OK
Date: Wed, 31 May 2023 05:36:57 GMT
Content-Type: application/json; charset=utf-8
Content-Length: 9
Connection: keep-alive
Access-Control-Allow-Origin: *
Etag: W/"9-hVv0cNJophUD7CGn+ZqXp8tVGo0"
X-Powered-By: Express
CF-Cache-Status: DYNAMIC
Report-To: {"endpoints":[{"url":"https:\/\/a.nel.cloudflare.com\/report\/v3?s=ATHHE29IbtpmkalDZcTaI5zYBXq5iU8mVsUWwS2D%2BMbaAfG9n4uPfm6ab5Nw%2FSDK6%2BYNVouLjNDvDWUdqoHxcyskm%2BFEDwF4MnN95phIlW18gPfn%2BQWkCBjKSAydFGRmJvrz"}],"group":"cf-nel","max_age":604800}
NEL: {"success_fraction":0,"report_to":"cf-nel","max_age":604800}
Server: cloudflare
CF-RAY: 7cfcdcb488044026-SIN
alt-svc: h3=":443"; ma=86400

{
    "id": 11
}
PASS - Actual Result ::200==Expected Result ::200
Method passed testAddUser
]]></system-out>
  </testcase>
  <testcase name="testDeleteUser" classname="com.products.tests.Scenario3" time="0.833">
    <system-out><![CDATA[Method started testDeleteUser
HTTP/1.1 200 OK
Date: Wed, 31 May 2023 05:36:58 GMT
Content-Type: application/json; charset=utf-8
Transfer-Encoding: chunked
Connection: keep-alive
Access-Control-Allow-Origin: *
Etag: W/"12c-qh6raI/EWS3a5DDlu8tTdvjmcN0"
X-Powered-By: Express
CF-Cache-Status: DYNAMIC
Report-To: {"endpoints":[{"url":"https:\/\/a.nel.cloudflare.com\/report\/v3?s=TavTxgnjRGkHEyzi%2Frx2%2F4zii%2FcQw0jEOD4lB7e0pPWzBT07RkH5p6St9KYzxeDmx1bR0T6bt5mKSmtg%2BQbrS4e8V09Ow4%2FxMUi%2FC%2BbaM%2BiZoiPjzhq4NDIVYa%2F4Z%2B8NdPI7"}],"group":"cf-nel","max_age":604800}
NEL: {"success_fraction":0,"report_to":"cf-nel","max_age":604800}
Server: cloudflare
CF-RAY: 7cfcdcb9aa324937-SIN
Content-Encoding: gzip
alt-svc: h3=":443"; ma=86400

{
    "address": {
        "geolocation": {
            "lat": "20.1677",
            "long": "-10.6789"
        },
        "city": "el paso",
        "street": "prospect st",
        "number": 124,
        "zipcode": "12346-0456"
    },
    "id": 6,
    "email": "david_r@gmail.com",
    "username": "david_r",
    "password": "3478*#54",
    "name": {
        "firstname": "david",
        "lastname": "russell"
    },
    "phone": "1-678-345-9856",
    "__v": 0
}
PASS - Actual Result ::200==Expected Result ::200
Method passed testDeleteUser
]]></system-out>
  </testcase>
</testsuite>